*** Starting uWSGI 2.0.17.1 (64bit) on [Sat Dec  1 14:12:08 2018] ***
compiled with version: 4.4.7 20120313 (Red Hat 4.4.7-17) on 29 November 2018 07:26:15
os: Linux-2.6.32-642.13.1.el6.x86_64 #1 SMP Wed Jan 11 20:56:24 UTC 2017
nodename: ftcg
machine: x86_64
clock source: unix
detected number of CPU cores: 4
current working directory: /srv/dev/ftcg
writing pidfile to /srv/dev/ftcg/uwsgi.pid
detected binary path: /root/.pyenv/versions/2.7.5/bin/uwsgi
!!! no internal routing support, rebuild with pcre support !!!
uWSGI running as root, you can use --uid/--gid/--chroot options
*** WARNING: you are running uWSGI as root !!! (use the --uid flag) *** 
chdir() to /srv/dev/ftcg/
*** WARNING: you are running uWSGI without its master process manager ***
your processes number limit is 128344
limiting address space of processes...
your process address space limit is 536870912 bytes (512 MB)
your memory page size is 4096 bytes
detected max file descriptor number: 65535
lock engine: pthread robust mutexes
thunder lock: disabled (you can enable it with --thunder-lock)
uwsgi socket 0 bound to TCP address 127.0.0.1:8002 fd 3
uWSGI running as root, you can use --uid/--gid/--chroot options
*** WARNING: you are running uWSGI as root !!! (use the --uid flag) *** 
Python version: 2.7.5 (default, Nov 29 2018, 13:26:05)  [GCC 4.4.7 20120313 (Red Hat 4.4.7-17)]
Python main interpreter initialized at 0x937750
uWSGI running as root, you can use --uid/--gid/--chroot options
*** WARNING: you are running uWSGI as root !!! (use the --uid flag) *** 
python threads support enabled
your server socket listen backlog is limited to 100 connections
your mercy for graceful operations on workers is 60 seconds
mapped 134359 bytes (131 KB) for 1 cores
*** Operational MODE: single process ***
WSGI app 0 (mountpoint='') ready in 0 seconds on interpreter 0x937750 pid: 21151 (default app)
uWSGI running as root, you can use --uid/--gid/--chroot options
*** WARNING: you are running uWSGI as root !!! (use the --uid flag) *** 
*** uWSGI is running in multiple interpreter mode ***
spawned uWSGI worker 1 (and the only) (pid: 21151, cores: 1)
*** Starting uWSGI 2.0.17.1 (64bit) on [Sat Dec  1 14:17:56 2018] ***
compiled with version: 4.4.7 20120313 (Red Hat 4.4.7-17) on 29 November 2018 07:26:15
os: Linux-2.6.32-642.13.1.el6.x86_64 #1 SMP Wed Jan 11 20:56:24 UTC 2017
nodename: ftcg
machine: x86_64
clock source: unix
detected number of CPU cores: 4
current working directory: /srv/dev/ftcg
writing pidfile to /srv/dev/ftcg/uwsgi.pid
detected binary path: /root/.pyenv/versions/2.7.5/bin/uwsgi
!!! no internal routing support, rebuild with pcre support !!!
uWSGI running as root, you can use --uid/--gid/--chroot options
*** WARNING: you are running uWSGI as root !!! (use the --uid flag) *** 
chdir() to /srv/dev/ftcg/
*** WARNING: you are running uWSGI without its master process manager ***
your processes number limit is 128344
limiting address space of processes...
your process address space limit is 536870912 bytes (512 MB)
your memory page size is 4096 bytes
detected max file descriptor number: 65535
lock engine: pthread robust mutexes
thunder lock: disabled (you can enable it with --thunder-lock)
uwsgi socket 0 bound to TCP address 127.0.0.1:8002 fd 3
uWSGI running as root, you can use --uid/--gid/--chroot options
*** WARNING: you are running uWSGI as root !!! (use the --uid flag) *** 
Python version: 2.7.5 (default, Nov 29 2018, 13:26:05)  [GCC 4.4.7 20120313 (Red Hat 4.4.7-17)]
Python main interpreter initialized at 0x1acd750
uWSGI running as root, you can use --uid/--gid/--chroot options
*** WARNING: you are running uWSGI as root !!! (use the --uid flag) *** 
python threads support enabled
your server socket listen backlog is limited to 100 connections
your mercy for graceful operations on workers is 60 seconds
mapped 134359 bytes (131 KB) for 1 cores
*** Operational MODE: single process ***
WSGI app 0 (mountpoint='') ready in 1 seconds on interpreter 0x1acd750 pid: 21202 (default app)
uWSGI running as root, you can use --uid/--gid/--chroot options
*** WARNING: you are running uWSGI as root !!! (use the --uid flag) *** 
*** uWSGI is running in multiple interpreter mode ***
spawned uWSGI worker 1 (and the only) (pid: 21202, cores: 1)
[2018-12-01 06:18:03,773] [WARNING] Not Found: /test/
[pid: 21202|app: 0|req: 1/1] 116.24.64.51 () {40 vars in 659 bytes} [Sat Dec  1 06:18:03 2018] GET /test/ => generated 2324 bytes in 6 msecs (HTTP/1.1 404) 3 headers in 102 bytes (1 switches on core 0)
*** Starting uWSGI 2.0.17.1 (64bit) on [Sat Dec  1 14:19:11 2018] ***
compiled with version: 4.4.7 20120313 (Red Hat 4.4.7-17) on 29 November 2018 07:26:15
os: Linux-2.6.32-642.13.1.el6.x86_64 #1 SMP Wed Jan 11 20:56:24 UTC 2017
nodename: ftcg
machine: x86_64
clock source: unix
detected number of CPU cores: 4
current working directory: /srv/dev/ftcg
writing pidfile to /srv/dev/ftcg/uwsgi.pid
detected binary path: /root/.pyenv/versions/2.7.5/bin/uwsgi
!!! no internal routing support, rebuild with pcre support !!!
uWSGI running as root, you can use --uid/--gid/--chroot options
*** WARNING: you are running uWSGI as root !!! (use the --uid flag) *** 
chdir() to /srv/dev/ftcg/
*** WARNING: you are running uWSGI without its master process manager ***
your processes number limit is 128344
limiting address space of processes...
your process address space limit is 536870912 bytes (512 MB)
your memory page size is 4096 bytes
detected max file descriptor number: 65535
lock engine: pthread robust mutexes
thunder lock: disabled (you can enable it with --thunder-lock)
uwsgi socket 0 bound to TCP address 127.0.0.1:8002 fd 3
uWSGI running as root, you can use --uid/--gid/--chroot options
*** WARNING: you are running uWSGI as root !!! (use the --uid flag) *** 
Python version: 2.7.5 (default, Nov 29 2018, 13:26:05)  [GCC 4.4.7 20120313 (Red Hat 4.4.7-17)]
Python main interpreter initialized at 0xf8e750
uWSGI running as root, you can use --uid/--gid/--chroot options
*** WARNING: you are running uWSGI as root !!! (use the --uid flag) *** 
python threads support enabled
your server socket listen backlog is limited to 100 connections
your mercy for graceful operations on workers is 60 seconds
mapped 134359 bytes (131 KB) for 1 cores
*** Operational MODE: single process ***
WSGI app 0 (mountpoint='') ready in 0 seconds on interpreter 0xf8e750 pid: 21244 (default app)
uWSGI running as root, you can use --uid/--gid/--chroot options
*** WARNING: you are running uWSGI as root !!! (use the --uid flag) *** 
*** uWSGI is running in multiple interpreter mode ***
spawned uWSGI worker 1 (and the only) (pid: 21244, cores: 1)
[2018-12-01 06:19:14,649] [WARNING] Not Found: /test/
[pid: 21244|app: 0|req: 1/1] 116.24.66.227 () {40 vars in 660 bytes} [Sat Dec  1 06:19:14 2018] GET /test/ => generated 2325 bytes in 6 msecs (HTTP/1.1 404) 3 headers in 102 bytes (1 switches on core 0)
[2018-12-01 06:19:16,991] [WARNING] Not Found: /test/
[pid: 21244|app: 0|req: 2/2] 116.24.66.227 () {40 vars in 660 bytes} [Sat Dec  1 06:19:16 2018] GET /test/ => generated 2325 bytes in 3 msecs (HTTP/1.1 404) 3 headers in 102 bytes (1 switches on core 0)
[2018-12-01 06:19:17,172] [WARNING] Not Found: /test/
[pid: 21244|app: 0|req: 3/3] 116.24.64.51 () {40 vars in 659 bytes} [Sat Dec  1 06:19:17 2018] GET /test/ => generated 2325 bytes in 3 msecs (HTTP/1.1 404) 3 headers in 102 bytes (1 switches on core 0)
*** Starting uWSGI 2.0.17.1 (64bit) on [Sat Dec  1 14:25:02 2018] ***
compiled with version: 4.4.7 20120313 (Red Hat 4.4.7-17) on 29 November 2018 07:26:15
os: Linux-2.6.32-642.13.1.el6.x86_64 #1 SMP Wed Jan 11 20:56:24 UTC 2017
nodename: ftcg
machine: x86_64
clock source: unix
detected number of CPU cores: 4
current working directory: /srv/dev/ftcg
writing pidfile to /srv/dev/ftcg/uwsgi.pid
detected binary path: /root/.pyenv/versions/2.7.5/bin/uwsgi
!!! no internal routing support, rebuild with pcre support !!!
uWSGI running as root, you can use --uid/--gid/--chroot options
*** WARNING: you are running uWSGI as root !!! (use the --uid flag) *** 
chdir() to /srv/dev/ftcg/
*** WARNING: you are running uWSGI without its master process manager ***
your processes number limit is 128344
limiting address space of processes...
your process address space limit is 536870912 bytes (512 MB)
your memory page size is 4096 bytes
detected max file descriptor number: 65535
lock engine: pthread robust mutexes
thunder lock: disabled (you can enable it with --thunder-lock)
uwsgi socket 0 bound to TCP address 127.0.0.1:8002 fd 3
uWSGI running as root, you can use --uid/--gid/--chroot options
*** WARNING: you are running uWSGI as root !!! (use the --uid flag) *** 
Python version: 2.7.5 (default, Nov 29 2018, 13:26:05)  [GCC 4.4.7 20120313 (Red Hat 4.4.7-17)]
Python main interpreter initialized at 0x1b8b750
uWSGI running as root, you can use --uid/--gid/--chroot options
*** WARNING: you are running uWSGI as root !!! (use the --uid flag) *** 
python threads support enabled
your server socket listen backlog is limited to 100 connections
your mercy for graceful operations on workers is 60 seconds
mapped 134359 bytes (131 KB) for 1 cores
*** Operational MODE: single process ***
WSGI app 0 (mountpoint='') ready in 1 seconds on interpreter 0x1b8b750 pid: 21300 (default app)
uWSGI running as root, you can use --uid/--gid/--chroot options
*** WARNING: you are running uWSGI as root !!! (use the --uid flag) *** 
*** uWSGI is running in multiple interpreter mode ***
spawned uWSGI worker 1 (and the only) (pid: 21300, cores: 1)
[2018-12-01 06:25:08,663] [WARNING] Not Found: /test/
[pid: 21300|app: 0|req: 1/1] 116.24.64.51 () {40 vars in 659 bytes} [Sat Dec  1 06:25:08 2018] GET /test/ => generated 2325 bytes in 8 msecs (HTTP/1.1 404) 3 headers in 102 bytes (1 switches on core 0)
[2018-12-01 06:25:09,653] [WARNING] Not Found: /test/
[pid: 21300|app: 0|req: 2/2] 116.24.66.227 () {40 vars in 659 bytes} [Sat Dec  1 06:25:09 2018] GET /test/ => generated 2325 bytes in 3 msecs (HTTP/1.1 404) 3 headers in 102 bytes (1 switches on core 0)
[2018-12-01 06:25:10,626] [WARNING] Not Found: /test/
[pid: 21300|app: 0|req: 3/3] 116.24.66.227 () {40 vars in 660 bytes} [Sat Dec  1 06:25:10 2018] GET /test/ => generated 2325 bytes in 3 msecs (HTTP/1.1 404) 3 headers in 102 bytes (1 switches on core 0)
[2018-12-01 06:25:11,460] [WARNING] Not Found: /test/
[pid: 21300|app: 0|req: 4/4] 116.24.64.51 () {40 vars in 659 bytes} [Sat Dec  1 06:25:11 2018] GET /test/ => generated 2325 bytes in 3 msecs (HTTP/1.1 404) 3 headers in 102 bytes (1 switches on core 0)
[2018-12-01 06:25:12,174] [WARNING] Not Found: /test/
[pid: 21300|app: 0|req: 5/5] 116.24.66.227 () {40 vars in 660 bytes} [Sat Dec  1 06:25:12 2018] GET /test/ => generated 2325 bytes in 3 msecs (HTTP/1.1 404) 3 headers in 102 bytes (1 switches on core 0)
[2018-12-01 06:25:26,489] [WARNING] Not Found: /test/app/
[pid: 21300|app: 0|req: 6/6] 116.24.66.227 () {40 vars in 668 bytes} [Sat Dec  1 06:25:26 2018] GET /test/app/ => generated 2337 bytes in 3 msecs (HTTP/1.1 404) 3 headers in 102 bytes (1 switches on core 0)
[2018-12-01 06:25:26,796] [WARNING] Not Found: /test/app/
[pid: 21300|app: 0|req: 7/7] 116.24.66.227 () {40 vars in 668 bytes} [Sat Dec  1 06:25:26 2018] GET /test/app/ => generated 2337 bytes in 2 msecs (HTTP/1.1 404) 3 headers in 102 bytes (1 switches on core 0)
[2018-12-01 06:25:30,195] [WARNING] Not Found: /test/app/
[pid: 21300|app: 0|req: 8/8] 116.24.64.51 () {40 vars in 667 bytes} [Sat Dec  1 06:25:30 2018] GET /test/app/ => generated 2337 bytes in 3 msecs (HTTP/1.1 404) 3 headers in 102 bytes (1 switches on core 0)
[2018-12-01 06:25:30,704] [WARNING] Not Found: /test/
[pid: 21300|app: 0|req: 9/9] 116.24.66.227 () {40 vars in 660 bytes} [Sat Dec  1 06:25:30 2018] GET /test/ => generated 2325 bytes in 3 msecs (HTTP/1.1 404) 3 headers in 102 bytes (1 switches on core 0)
[2018-12-01 06:25:31,173] [WARNING] Not Found: /test/app/
[pid: 21300|app: 0|req: 10/10] 116.24.66.227 () {40 vars in 668 bytes} [Sat Dec  1 06:25:31 2018] GET /test/app/ => generated 2337 bytes in 3 msecs (HTTP/1.1 404) 3 headers in 102 bytes (1 switches on core 0)
[2018-12-01 06:25:32,784] [ERROR] Internal Server Error: /test/asd
Traceback (most recent call last):
  File "/root/.pyenv/versions/2.7.5/lib/python2.7/site-packages/django/core/handlers/exception.py", line 41, in inner
    response = get_response(request)
  File "/root/.pyenv/versions/2.7.5/lib/python2.7/site-packages/django/core/handlers/base.py", line 187, in _get_response
    response = self.process_exception_by_middleware(e, request)
  File "/root/.pyenv/versions/2.7.5/lib/python2.7/site-packages/django/core/handlers/base.py", line 185, in _get_response
    response = wrapped_callback(request, *callback_args, **callback_kwargs)
TypeError: index() takes exactly 1 argument (2 given)
[pid: 21300|app: 0|req: 11/11] 116.24.64.51 () {40 vars in 664 bytes} [Sat Dec  1 06:25:32 2018] GET /test/asd => generated 55684 bytes in 83 msecs (HTTP/1.1 500) 4 headers in 129 bytes (1 switches on core 0)
*** Starting uWSGI 2.0.17.1 (64bit) on [Sat Dec  1 14:27:04 2018] ***
compiled with version: 4.4.7 20120313 (Red Hat 4.4.7-17) on 29 November 2018 07:26:15
os: Linux-2.6.32-642.13.1.el6.x86_64 #1 SMP Wed Jan 11 20:56:24 UTC 2017
nodename: ftcg
machine: x86_64
clock source: unix
detected number of CPU cores: 4
current working directory: /srv/dev/ftcg
writing pidfile to /srv/dev/ftcg/uwsgi.pid
detected binary path: /root/.pyenv/versions/2.7.5/bin/uwsgi
!!! no internal routing support, rebuild with pcre support !!!
uWSGI running as root, you can use --uid/--gid/--chroot options
*** WARNING: you are running uWSGI as root !!! (use the --uid flag) *** 
chdir() to /srv/dev/ftcg/
*** WARNING: you are running uWSGI without its master process manager ***
your processes number limit is 128344
limiting address space of processes...
your process address space limit is 536870912 bytes (512 MB)
your memory page size is 4096 bytes
detected max file descriptor number: 65535
lock engine: pthread robust mutexes
thunder lock: disabled (you can enable it with --thunder-lock)
uwsgi socket 0 bound to TCP address 127.0.0.1:8002 fd 3
uWSGI running as root, you can use --uid/--gid/--chroot options
*** WARNING: you are running uWSGI as root !!! (use the --uid flag) *** 
Python version: 2.7.5 (default, Nov 29 2018, 13:26:05)  [GCC 4.4.7 20120313 (Red Hat 4.4.7-17)]
Python main interpreter initialized at 0x2339750
uWSGI running as root, you can use --uid/--gid/--chroot options
*** WARNING: you are running uWSGI as root !!! (use the --uid flag) *** 
python threads support enabled
your server socket listen backlog is limited to 100 connections
your mercy for graceful operations on workers is 60 seconds
mapped 134359 bytes (131 KB) for 1 cores
*** Operational MODE: single process ***
WSGI app 0 (mountpoint='') ready in 0 seconds on interpreter 0x2339750 pid: 21345 (default app)
uWSGI running as root, you can use --uid/--gid/--chroot options
*** WARNING: you are running uWSGI as root !!! (use the --uid flag) *** 
*** uWSGI is running in multiple interpreter mode ***
spawned uWSGI worker 1 (and the only) (pid: 21345, cores: 1)
[2018-12-01 06:27:08,758] [WARNING] Not Found: /test/app/
[pid: 21345|app: 0|req: 1/1] 116.24.66.227 () {40 vars in 667 bytes} [Sat Dec  1 06:27:08 2018] GET /test/app/ => generated 2324 bytes in 6 msecs (HTTP/1.1 404) 3 headers in 102 bytes (1 switches on core 0)
[2018-12-01 06:27:08,939] [WARNING] Not Found: /test/
[pid: 21345|app: 0|req: 2/2] 116.24.64.51 () {40 vars in 659 bytes} [Sat Dec  1 06:27:08 2018] GET /test/ => generated 2312 bytes in 3 msecs (HTTP/1.1 404) 3 headers in 102 bytes (1 switches on core 0)
[2018-12-01 06:27:10,193] [WARNING] Not Found: /test/ads
[pid: 21345|app: 0|req: 3/3] 116.24.64.51 () {40 vars in 665 bytes} [Sat Dec  1 06:27:10 2018] GET /test/ads => generated 2321 bytes in 3 msecs (HTTP/1.1 404) 3 headers in 102 bytes (1 switches on core 0)
[2018-12-01 06:27:15,029] [WARNING] Not Found: /test/
[pid: 21345|app: 0|req: 4/4] 116.24.64.51 () {40 vars in 659 bytes} [Sat Dec  1 06:27:15 2018] GET /test/ => generated 2312 bytes in 3 msecs (HTTP/1.1 404) 3 headers in 102 bytes (1 switches on core 0)
[2018-12-01 06:27:15,502] [WARNING] Not Found: /test/
[pid: 21345|app: 0|req: 5/5] 116.24.64.51 () {40 vars in 658 bytes} [Sat Dec  1 06:27:15 2018] GET /test/ => generated 2312 bytes in 3 msecs (HTTP/1.1 404) 3 headers in 102 bytes (1 switches on core 0)
[2018-12-01 06:27:21,891] [WARNING] Not Found: /test/
[pid: 21345|app: 0|req: 6/6] 116.24.64.51 () {40 vars in 659 bytes} [Sat Dec  1 06:27:21 2018] GET /test/ => generated 2312 bytes in 3 msecs (HTTP/1.1 404) 3 headers in 102 bytes (1 switches on core 0)
[2018-12-01 06:27:22,131] [WARNING] Not Found: /test/
[pid: 21345|app: 0|req: 7/7] 116.24.64.51 () {40 vars in 659 bytes} [Sat Dec  1 06:27:22 2018] GET /test/ => generated 2312 bytes in 3 msecs (HTTP/1.1 404) 3 headers in 102 bytes (1 switches on core 0)
[2018-12-01 06:27:30,741] [WARNING] Not Found: /test/app/
[pid: 21345|app: 0|req: 8/8] 116.24.64.51 () {40 vars in 667 bytes} [Sat Dec  1 06:27:30 2018] GET /test/app/ => generated 2324 bytes in 3 msecs (HTTP/1.1 404) 3 headers in 102 bytes (1 switches on core 0)
[2018-12-01 06:27:30,979] [WARNING] Not Found: /test/admin/
[pid: 21345|app: 0|req: 9/9] 116.24.64.51 () {40 vars in 671 bytes} [Sat Dec  1 06:27:30 2018] GET /test/admin/ => generated 2330 bytes in 3 msecs (HTTP/1.1 404) 3 headers in 102 bytes (1 switches on core 0)
[2018-12-01 06:27:31,671] [WARNING] Not Found: /test/admin/
[pid: 21345|app: 0|req: 10/10] 116.24.66.227 () {40 vars in 672 bytes} [Sat Dec  1 06:27:31 2018] GET /test/admin/ => generated 2330 bytes in 3 msecs (HTTP/1.1 404) 3 headers in 102 bytes (1 switches on core 0)
[2018-12-01 06:27:34,265] [WARNING] Not Found: /test/admin/
[pid: 21345|app: 0|req: 11/11] 116.24.64.51 () {40 vars in 671 bytes} [Sat Dec  1 06:27:34 2018] GET /test/admin/ => generated 2330 bytes in 3 msecs (HTTP/1.1 404) 3 headers in 102 bytes (1 switches on core 0)
[2018-12-01 06:27:34,842] [WARNING] Not Found: /test/app/
[pid: 21345|app: 0|req: 12/12] 116.24.66.227 () {40 vars in 668 bytes} [Sat Dec  1 06:27:34 2018] GET /test/app/ => generated 2324 bytes in 3 msecs (HTTP/1.1 404) 3 headers in 102 bytes (1 switches on core 0)
[2018-12-01 06:27:35,017] [WARNING] Not Found: /test/
[pid: 21345|app: 0|req: 13/13] 116.24.64.51 () {40 vars in 659 bytes} [Sat Dec  1 06:27:35 2018] GET /test/ => generated 2312 bytes in 3 msecs (HTTP/1.1 404) 3 headers in 102 bytes (1 switches on core 0)
[2018-12-01 06:27:35,332] [WARNING] Not Found: /test/app/
[pid: 21345|app: 0|req: 14/14] 116.24.66.227 () {40 vars in 668 bytes} [Sat Dec  1 06:27:35 2018] GET /test/app/ => generated 2324 bytes in 3 msecs (HTTP/1.1 404) 3 headers in 102 bytes (1 switches on core 0)
[2018-12-01 06:27:36,064] [WARNING] Not Found: /test/app/
[pid: 21345|app: 0|req: 15/15] 116.24.64.51 () {40 vars in 667 bytes} [Sat Dec  1 06:27:36 2018] GET /test/app/ => generated 2324 bytes in 3 msecs (HTTP/1.1 404) 3 headers in 102 bytes (1 switches on core 0)
*** Starting uWSGI 2.0.17.1 (64bit) on [Sat Dec  1 15:42:29 2018] ***
compiled with version: 4.4.7 20120313 (Red Hat 4.4.7-17) on 29 November 2018 07:26:15
os: Linux-2.6.32-642.13.1.el6.x86_64 #1 SMP Wed Jan 11 20:56:24 UTC 2017
nodename: ftcg
machine: x86_64
clock source: unix
detected number of CPU cores: 4
current working directory: /srv/dev/ftcg
writing pidfile to /srv/dev/ftcg/uwsgi.pid
detected binary path: /root/.pyenv/versions/2.7.5/bin/uwsgi
!!! no internal routing support, rebuild with pcre support !!!
uWSGI running as root, you can use --uid/--gid/--chroot options
*** WARNING: you are running uWSGI as root !!! (use the --uid flag) *** 
chdir() to /srv/dev/ftcg/
*** WARNING: you are running uWSGI without its master process manager ***
your processes number limit is 128344
limiting address space of processes...
your process address space limit is 536870912 bytes (512 MB)
your memory page size is 4096 bytes
detected max file descriptor number: 65535
lock engine: pthread robust mutexes
thunder lock: disabled (you can enable it with --thunder-lock)
uwsgi socket 0 bound to TCP address 127.0.0.1:8002 fd 3
uWSGI running as root, you can use --uid/--gid/--chroot options
*** WARNING: you are running uWSGI as root !!! (use the --uid flag) *** 
Python version: 2.7.5 (default, Nov 29 2018, 13:26:05)  [GCC 4.4.7 20120313 (Red Hat 4.4.7-17)]
Python main interpreter initialized at 0x2379750
uWSGI running as root, you can use --uid/--gid/--chroot options
*** WARNING: you are running uWSGI as root !!! (use the --uid flag) *** 
python threads support enabled
your server socket listen backlog is limited to 100 connections
your mercy for graceful operations on workers is 60 seconds
mapped 134359 bytes (131 KB) for 1 cores
*** Operational MODE: single process ***
WSGI app 0 (mountpoint='') ready in 0 seconds on interpreter 0x2379750 pid: 21533 (default app)
uWSGI running as root, you can use --uid/--gid/--chroot options
*** WARNING: you are running uWSGI as root !!! (use the --uid flag) *** 
*** uWSGI is running in multiple interpreter mode ***
spawned uWSGI worker 1 (and the only) (pid: 21533, cores: 1)
[2018-12-01 07:42:37,914] [WARNING] Not Found: /test/app/
[pid: 21533|app: 0|req: 1/1] 116.24.64.51 () {40 vars in 667 bytes} [Sat Dec  1 07:42:37 2018] GET /test/app/ => generated 2324 bytes in 6 msecs (HTTP/1.1 404) 3 headers in 102 bytes (1 switches on core 0)
[2018-12-01 07:42:39,473] [WARNING] Not Found: /test/app/
[pid: 21533|app: 0|req: 2/2] 116.24.64.51 () {40 vars in 666 bytes} [Sat Dec  1 07:42:39 2018] GET /test/app/ => generated 2324 bytes in 3 msecs (HTTP/1.1 404) 3 headers in 102 bytes (1 switches on core 0)
[2018-12-01 07:42:42,094] [WARNING] Not Found: /test/app/
[pid: 21533|app: 0|req: 3/3] 116.24.64.51 () {40 vars in 667 bytes} [Sat Dec  1 07:42:42 2018] GET /test/app/ => generated 2324 bytes in 3 msecs (HTTP/1.1 404) 3 headers in 102 bytes (1 switches on core 0)
[2018-12-01 07:42:42,666] [WARNING] Not Found: /test/
[pid: 21533|app: 0|req: 4/4] 116.24.64.51 () {40 vars in 659 bytes} [Sat Dec  1 07:42:42 2018] GET /test/ => generated 2312 bytes in 3 msecs (HTTP/1.1 404) 3 headers in 102 bytes (1 switches on core 0)
[2018-12-01 07:42:43,056] [WARNING] Not Found: /test/
[pid: 21533|app: 0|req: 5/5] 116.24.64.51 () {40 vars in 659 bytes} [Sat Dec  1 07:42:43 2018] GET /test/ => generated 2312 bytes in 3 msecs (HTTP/1.1 404) 3 headers in 102 bytes (1 switches on core 0)
[2018-12-01 07:42:51,193] [WARNING] Not Found: /test/app/
[pid: 21533|app: 0|req: 6/6] 116.24.66.227 () {40 vars in 668 bytes} [Sat Dec  1 07:42:51 2018] GET /test/app/ => generated 2324 bytes in 3 msecs (HTTP/1.1 404) 3 headers in 102 bytes (1 switches on core 0)
[2018-12-01 07:42:51,840] [WARNING] Not Found: /test/app/
[pid: 21533|app: 0|req: 7/7] 116.24.64.51 () {40 vars in 667 bytes} [Sat Dec  1 07:42:51 2018] GET /test/app/ => generated 2324 bytes in 3 msecs (HTTP/1.1 404) 3 headers in 102 bytes (1 switches on core 0)
[2018-12-01 07:42:56,355] [WARNING] Not Found: /test/app/
[pid: 21533|app: 0|req: 8/8] 116.24.64.51 () {40 vars in 667 bytes} [Sat Dec  1 07:42:56 2018] GET /test/app/ => generated 2324 bytes in 3 msecs (HTTP/1.1 404) 3 headers in 102 bytes (1 switches on core 0)
[2018-12-01 07:42:57,021] [WARNING] Not Found: /test/
[pid: 21533|app: 0|req: 9/9] 116.24.64.51 () {40 vars in 659 bytes} [Sat Dec  1 07:42:57 2018] GET /test/ => generated 2312 bytes in 3 msecs (HTTP/1.1 404) 3 headers in 102 bytes (1 switches on core 0)
[2018-12-01 07:42:57,425] [WARNING] Not Found: /test/web/
[pid: 21533|app: 0|req: 10/10] 116.24.66.227 () {40 vars in 668 bytes} [Sat Dec  1 07:42:57 2018] GET /test/web/ => generated 2324 bytes in 3 msecs (HTTP/1.1 404) 3 headers in 102 bytes (1 switches on core 0)
[2018-12-01 07:42:57,868] [WARNING] Not Found: /test/web/
[pid: 21533|app: 0|req: 11/11] 116.24.66.227 () {40 vars in 668 bytes} [Sat Dec  1 07:42:57 2018] GET /test/web/ => generated 2324 bytes in 3 msecs (HTTP/1.1 404) 3 headers in 102 bytes (1 switches on core 0)
[2018-12-01 07:43:24,570] [WARNING] Not Found: /test/web/
[pid: 21533|app: 0|req: 12/12] 116.24.66.227 () {40 vars in 668 bytes} [Sat Dec  1 07:43:24 2018] GET /test/web/ => generated 2324 bytes in 3 msecs (HTTP/1.1 404) 3 headers in 102 bytes (1 switches on core 0)
[2018-12-01 07:43:30,310] [WARNING] Not Found: /test/was
[pid: 21533|app: 0|req: 13/13] 116.24.64.51 () {40 vars in 665 bytes} [Sat Dec  1 07:43:30 2018] GET /test/was => generated 2321 bytes in 3 msecs (HTTP/1.1 404) 3 headers in 102 bytes (1 switches on core 0)
[2018-12-01 07:43:36,317] [WARNING] Not Found: /test/wasf
[pid: 21533|app: 0|req: 14/14] 116.24.64.51 () {40 vars in 667 bytes} [Sat Dec  1 07:43:36 2018] GET /test/wasf => generated 2324 bytes in 3 msecs (HTTP/1.1 404) 3 headers in 102 bytes (1 switches on core 0)
*** Starting uWSGI 2.0.17.1 (64bit) on [Sat Dec  1 15:45:42 2018] ***
compiled with version: 4.4.7 20120313 (Red Hat 4.4.7-17) on 29 November 2018 07:26:15
os: Linux-2.6.32-642.13.1.el6.x86_64 #1 SMP Wed Jan 11 20:56:24 UTC 2017
nodename: ftcg
machine: x86_64
clock source: unix
detected number of CPU cores: 4
current working directory: /srv/dev/ftcg
writing pidfile to /srv/dev/ftcg/uwsgi.pid
detected binary path: /root/.pyenv/versions/2.7.5/bin/uwsgi
!!! no internal routing support, rebuild with pcre support !!!
uWSGI running as root, you can use --uid/--gid/--chroot options
*** WARNING: you are running uWSGI as root !!! (use the --uid flag) *** 
chdir() to /srv/dev/ftcg/
*** WARNING: you are running uWSGI without its master process manager ***
your processes number limit is 128344
limiting address space of processes...
your process address space limit is 536870912 bytes (512 MB)
your memory page size is 4096 bytes
detected max file descriptor number: 65535
lock engine: pthread robust mutexes
thunder lock: disabled (you can enable it with --thunder-lock)
uwsgi socket 0 bound to TCP address 127.0.0.1:8002 fd 3
uWSGI running as root, you can use --uid/--gid/--chroot options
*** WARNING: you are running uWSGI as root !!! (use the --uid flag) *** 
Python version: 2.7.5 (default, Nov 29 2018, 13:26:05)  [GCC 4.4.7 20120313 (Red Hat 4.4.7-17)]
Python main interpreter initialized at 0x1fca750
uWSGI running as root, you can use --uid/--gid/--chroot options
*** WARNING: you are running uWSGI as root !!! (use the --uid flag) *** 
python threads support enabled
your server socket listen backlog is limited to 100 connections
your mercy for graceful operations on workers is 60 seconds
mapped 134359 bytes (131 KB) for 1 cores
*** Operational MODE: single process ***
WSGI app 0 (mountpoint='') ready in 0 seconds on interpreter 0x1fca750 pid: 21656 (default app)
uWSGI running as root, you can use --uid/--gid/--chroot options
*** WARNING: you are running uWSGI as root !!! (use the --uid flag) *** 
*** uWSGI is running in multiple interpreter mode ***
spawned uWSGI worker 1 (and the only) (pid: 21656, cores: 1)
[2018-12-01 07:45:46,351] [WARNING] Not Found: /test/wasf
[pid: 21656|app: 0|req: 1/1] 116.24.64.51 () {40 vars in 667 bytes} [Sat Dec  1 07:45:46 2018] GET /test/wasf => generated 2325 bytes in 6 msecs (HTTP/1.1 404) 3 headers in 102 bytes (1 switches on core 0)
[2018-12-01 07:45:53,877] [WARNING] Not Found: /test/wasf
[pid: 21656|app: 0|req: 2/2] 116.24.64.51 () {40 vars in 667 bytes} [Sat Dec  1 07:45:53 2018] GET /test/wasf => generated 2325 bytes in 3 msecs (HTTP/1.1 404) 3 headers in 102 bytes (1 switches on core 0)
[pid: 21656|app: 0|req: 3/3] 116.24.66.53 () {40 vars in 659 bytes} [Sat Dec  1 07:45:54 2018] GET /test/ => generated 5 bytes in 0 msecs (HTTP/1.1 200) 3 headers in 107 bytes (1 switches on core 0)
[2018-12-01 07:45:54,858] [WARNING] Not Found: /test/app/
[pid: 21656|app: 0|req: 4/4] 116.24.66.53 () {40 vars in 666 bytes} [Sat Dec  1 07:45:54 2018] GET /test/app/ => generated 2325 bytes in 3 msecs (HTTP/1.1 404) 3 headers in 102 bytes (1 switches on core 0)
[2018-12-01 07:45:55,348] [WARNING] Not Found: /test/app/
[pid: 21656|app: 0|req: 5/5] 116.24.64.51 () {40 vars in 667 bytes} [Sat Dec  1 07:45:55 2018] GET /test/app/ => generated 2325 bytes in 3 msecs (HTTP/1.1 404) 3 headers in 102 bytes (1 switches on core 0)
*** Starting uWSGI 2.0.17.1 (64bit) on [Sat Dec  1 15:47:33 2018] ***
compiled with version: 4.4.7 20120313 (Red Hat 4.4.7-17) on 29 November 2018 07:26:15
os: Linux-2.6.32-642.13.1.el6.x86_64 #1 SMP Wed Jan 11 20:56:24 UTC 2017
nodename: ftcg
machine: x86_64
clock source: unix
detected number of CPU cores: 4
current working directory: /srv/dev/ftcg
writing pidfile to /srv/dev/ftcg/uwsgi.pid
detected binary path: /root/.pyenv/versions/2.7.5/bin/uwsgi
!!! no internal routing support, rebuild with pcre support !!!
uWSGI running as root, you can use --uid/--gid/--chroot options
*** WARNING: you are running uWSGI as root !!! (use the --uid flag) *** 
chdir() to /srv/dev/ftcg/
*** WARNING: you are running uWSGI without its master process manager ***
your processes number limit is 128344
limiting address space of processes...
your process address space limit is 536870912 bytes (512 MB)
your memory page size is 4096 bytes
detected max file descriptor number: 65535
lock engine: pthread robust mutexes
thunder lock: disabled (you can enable it with --thunder-lock)
uwsgi socket 0 bound to TCP address 127.0.0.1:8002 fd 3
uWSGI running as root, you can use --uid/--gid/--chroot options
*** WARNING: you are running uWSGI as root !!! (use the --uid flag) *** 
Python version: 2.7.5 (default, Nov 29 2018, 13:26:05)  [GCC 4.4.7 20120313 (Red Hat 4.4.7-17)]
Python main interpreter initialized at 0x1abd750
uWSGI running as root, you can use --uid/--gid/--chroot options
*** WARNING: you are running uWSGI as root !!! (use the --uid flag) *** 
python threads support enabled
your server socket listen backlog is limited to 100 connections
your mercy for graceful operations on workers is 60 seconds
mapped 134359 bytes (131 KB) for 1 cores
*** Operational MODE: single process ***
WSGI app 0 (mountpoint='') ready in 0 seconds on interpreter 0x1abd750 pid: 21698 (default app)
uWSGI running as root, you can use --uid/--gid/--chroot options
*** WARNING: you are running uWSGI as root !!! (use the --uid flag) *** 
*** uWSGI is running in multiple interpreter mode ***
spawned uWSGI worker 1 (and the only) (pid: 21698, cores: 1)
[2018-12-01 07:47:37,271] [WARNING] Not Found: /test/app/
[pid: 21698|app: 0|req: 1/1] 116.24.66.53 () {40 vars in 667 bytes} [Sat Dec  1 07:47:37 2018] GET /test/app/ => generated 2218 bytes in 6 msecs (HTTP/1.1 404) 3 headers in 102 bytes (1 switches on core 0)
*** Starting uWSGI 2.0.17.1 (64bit) on [Sat Dec  1 16:06:57 2018] ***
compiled with version: 4.4.7 20120313 (Red Hat 4.4.7-17) on 29 November 2018 07:26:15
os: Linux-2.6.32-642.13.1.el6.x86_64 #1 SMP Wed Jan 11 20:56:24 UTC 2017
nodename: ftcg
machine: x86_64
clock source: unix
detected number of CPU cores: 4
current working directory: /srv/dev/ftcg
writing pidfile to /srv/dev/ftcg/uwsgi.pid
detected binary path: /root/.pyenv/versions/2.7.5/bin/uwsgi
!!! no internal routing support, rebuild with pcre support !!!
uWSGI running as root, you can use --uid/--gid/--chroot options
*** WARNING: you are running uWSGI as root !!! (use the --uid flag) *** 
chdir() to /srv/dev/ftcg/
*** WARNING: you are running uWSGI without its master process manager ***
your processes number limit is 128344
limiting address space of processes...
your process address space limit is 536870912 bytes (512 MB)
your memory page size is 4096 bytes
detected max file descriptor number: 65535
lock engine: pthread robust mutexes
thunder lock: disabled (you can enable it with --thunder-lock)
uwsgi socket 0 bound to TCP address 127.0.0.1:8002 fd 3
uWSGI running as root, you can use --uid/--gid/--chroot options
*** WARNING: you are running uWSGI as root !!! (use the --uid flag) *** 
Python version: 2.7.5 (default, Nov 29 2018, 13:26:05)  [GCC 4.4.7 20120313 (Red Hat 4.4.7-17)]
Python main interpreter initialized at 0x1a53750
uWSGI running as root, you can use --uid/--gid/--chroot options
*** WARNING: you are running uWSGI as root !!! (use the --uid flag) *** 
python threads support enabled
your server socket listen backlog is limited to 100 connections
your mercy for graceful operations on workers is 60 seconds
mapped 134359 bytes (131 KB) for 1 cores
*** Operational MODE: single process ***
WSGI app 0 (mountpoint='') ready in 0 seconds on interpreter 0x1a53750 pid: 21804 (default app)
uWSGI running as root, you can use --uid/--gid/--chroot options
*** WARNING: you are running uWSGI as root !!! (use the --uid flag) *** 
*** uWSGI is running in multiple interpreter mode ***
spawned uWSGI worker 1 (and the only) (pid: 21804, cores: 1)
[2018-12-01 08:08:13,374] [WARNING] Not Found: /test/app/
[pid: 21804|app: 0|req: 1/1] 116.24.66.53 () {40 vars in 667 bytes} [Sat Dec  1 08:08:13 2018] GET /test/app/ => generated 2206 bytes in 6 msecs (HTTP/1.1 404) 3 headers in 102 bytes (1 switches on core 0)
[2018-12-01 08:08:14,965] [WARNING] Not Found: /test/app/
[pid: 21804|app: 0|req: 2/2] 116.24.66.53 () {40 vars in 667 bytes} [Sat Dec  1 08:08:14 2018] GET /test/app/ => generated 2206 bytes in 3 msecs (HTTP/1.1 404) 3 headers in 102 bytes (1 switches on core 0)
[2018-12-01 08:08:18,143] [WARNING] Not Found: /test/
[pid: 21804|app: 0|req: 3/3] 116.24.64.51 () {40 vars in 659 bytes} [Sat Dec  1 08:08:18 2018] GET /test/ => generated 2194 bytes in 3 msecs (HTTP/1.1 404) 3 headers in 102 bytes (1 switches on core 0)
[2018-12-01 08:08:19,717] [WARNING] Not Found: /test/
[pid: 21804|app: 0|req: 4/4] 116.24.64.51 () {40 vars in 658 bytes} [Sat Dec  1 08:08:19 2018] GET /test/ => generated 2194 bytes in 3 msecs (HTTP/1.1 404) 3 headers in 102 bytes (1 switches on core 0)
[2018-12-01 08:08:27,120] [WARNING] Not Found: /test/
[pid: 21804|app: 0|req: 5/5] 116.24.64.51 () {40 vars in 658 bytes} [Sat Dec  1 08:08:27 2018] GET /test/ => generated 2194 bytes in 3 msecs (HTTP/1.1 404) 3 headers in 102 bytes (1 switches on core 0)
[2018-12-01 08:08:27,369] [WARNING] Not Found: /test/
[pid: 21804|app: 0|req: 6/6] 116.24.64.51 () {40 vars in 659 bytes} [Sat Dec  1 08:08:27 2018] GET /test/ => generated 2194 bytes in 3 msecs (HTTP/1.1 404) 3 headers in 102 bytes (1 switches on core 0)
[2018-12-01 08:08:36,811] [WARNING] Not Found: /test/app/
[pid: 21804|app: 0|req: 7/7] 116.24.64.51 () {40 vars in 667 bytes} [Sat Dec  1 08:08:36 2018] GET /test/app/ => generated 2206 bytes in 3 msecs (HTTP/1.1 404) 3 headers in 102 bytes (1 switches on core 0)
[2018-12-01 08:08:37,054] [WARNING] Not Found: /test/admin/
[pid: 21804|app: 0|req: 8/8] 116.24.64.51 () {40 vars in 671 bytes} [Sat Dec  1 08:08:37 2018] GET /test/admin/ => generated 2212 bytes in 3 msecs (HTTP/1.1 404) 3 headers in 102 bytes (1 switches on core 0)
[2018-12-01 08:08:37,704] [WARNING] Not Found: /test/admin/
[pid: 21804|app: 0|req: 9/9] 116.24.66.53 () {40 vars in 671 bytes} [Sat Dec  1 08:08:37 2018] GET /test/admin/ => generated 2212 bytes in 3 msecs (HTTP/1.1 404) 3 headers in 102 bytes (1 switches on core 0)
[2018-12-01 08:08:43,240] [WARNING] Not Found: /test/admin/app
[pid: 21804|app: 0|req: 10/10] 116.24.66.53 () {40 vars in 677 bytes} [Sat Dec  1 08:08:43 2018] GET /test/admin/app => generated 2221 bytes in 3 msecs (HTTP/1.1 404) 3 headers in 102 bytes (1 switches on core 0)
[2018-12-01 08:08:47,205] [WARNING] Not Found: /test/admin/app
[pid: 21804|app: 0|req: 11/11] 116.24.66.53 () {40 vars in 676 bytes} [Sat Dec  1 08:08:47 2018] GET /test/admin/app => generated 2221 bytes in 3 msecs (HTTP/1.1 404) 3 headers in 102 bytes (1 switches on core 0)
[2018-12-01 08:08:49,755] [WARNING] Not Found: /test/admin/app
[pid: 21804|app: 0|req: 12/12] 116.24.64.51 () {40 vars in 678 bytes} [Sat Dec  1 08:08:49 2018] GET /test/admin/app? => generated 2221 bytes in 3 msecs (HTTP/1.1 404) 3 headers in 102 bytes (1 switches on core 0)
[2018-12-01 08:10:22,540] [WARNING] Not Found: /test/admin/app
[pid: 21804|app: 0|req: 13/13] 116.24.64.51 () {40 vars in 677 bytes} [Sat Dec  1 08:10:22 2018] GET /test/admin/app? => generated 2221 bytes in 3 msecs (HTTP/1.1 404) 3 headers in 102 bytes (1 switches on core 0)
[2018-12-01 08:26:49,586] [WARNING] Not Found: /test/
[pid: 21804|app: 0|req: 14/14] 116.24.64.51 () {40 vars in 659 bytes} [Sat Dec  1 08:26:49 2018] GET /test/ => generated 2194 bytes in 3 msecs (HTTP/1.1 404) 3 headers in 102 bytes (1 switches on core 0)
[2018-12-01 08:26:52,712] [WARNING] Not Found: /test/
[pid: 21804|app: 0|req: 15/15] 116.24.64.51 () {40 vars in 659 bytes} [Sat Dec  1 08:26:52 2018] GET /test/ => generated 2194 bytes in 3 msecs (HTTP/1.1 404) 3 headers in 102 bytes (1 switches on core 0)
[2018-12-01 08:26:53,155] [WARNING] Not Found: /test/
[pid: 21804|app: 0|req: 16/16] 116.24.64.51 () {40 vars in 658 bytes} [Sat Dec  1 08:26:53 2018] GET /test/ => generated 2194 bytes in 3 msecs (HTTP/1.1 404) 3 headers in 102 bytes (1 switches on core 0)
[2018-12-01 08:26:55,876] [WARNING] Not Found: /test/app/
[pid: 21804|app: 0|req: 17/17] 116.24.64.51 () {40 vars in 667 bytes} [Sat Dec  1 08:26:55 2018] GET /test/app/ => generated 2206 bytes in 3 msecs (HTTP/1.1 404) 3 headers in 102 bytes (1 switches on core 0)
[2018-12-01 08:26:57,664] [WARNING] Not Found: /test/app/
[pid: 21804|app: 0|req: 18/18] 116.24.64.51 () {40 vars in 666 bytes} [Sat Dec  1 08:26:57 2018] GET /test/app/ => generated 2206 bytes in 3 msecs (HTTP/1.1 404) 3 headers in 102 bytes (1 switches on core 0)
[2018-12-01 08:27:07,772] [WARNING] Not Found: /test/app/
[pid: 21804|app: 0|req: 19/19] 116.24.64.51 () {40 vars in 667 bytes} [Sat Dec  1 08:27:07 2018] GET /test/app/ => generated 2206 bytes in 3 msecs (HTTP/1.1 404) 3 headers in 102 bytes (1 switches on core 0)
*** Starting uWSGI 2.0.17.1 (64bit) on [Sat Dec  1 16:28:23 2018] ***
compiled with version: 4.4.7 20120313 (Red Hat 4.4.7-17) on 29 November 2018 07:26:15
os: Linux-2.6.32-642.13.1.el6.x86_64 #1 SMP Wed Jan 11 20:56:24 UTC 2017
nodename: ftcg
machine: x86_64
clock source: unix
detected number of CPU cores: 4
current working directory: /srv/dev/ftcg
writing pidfile to /srv/dev/ftcg/uwsgi.pid
detected binary path: /root/.pyenv/versions/2.7.5/bin/uwsgi
!!! no internal routing support, rebuild with pcre support !!!
uWSGI running as root, you can use --uid/--gid/--chroot options
*** WARNING: you are running uWSGI as root !!! (use the --uid flag) *** 
chdir() to /srv/dev/ftcg/
*** WARNING: you are running uWSGI without its master process manager ***
your processes number limit is 128344
limiting address space of processes...
your process address space limit is 536870912 bytes (512 MB)
your memory page size is 4096 bytes
detected max file descriptor number: 65535
lock engine: pthread robust mutexes
thunder lock: disabled (you can enable it with --thunder-lock)
uwsgi socket 0 bound to TCP address 127.0.0.1:8002 fd 3
uWSGI running as root, you can use --uid/--gid/--chroot options
*** WARNING: you are running uWSGI as root !!! (use the --uid flag) *** 
Python version: 2.7.5 (default, Nov 29 2018, 13:26:05)  [GCC 4.4.7 20120313 (Red Hat 4.4.7-17)]
Python main interpreter initialized at 0x1c46750
uWSGI running as root, you can use --uid/--gid/--chroot options
*** WARNING: you are running uWSGI as root !!! (use the --uid flag) *** 
python threads support enabled
your server socket listen backlog is limited to 100 connections
your mercy for graceful operations on workers is 60 seconds
mapped 134359 bytes (131 KB) for 1 cores
*** Operational MODE: single process ***
WSGI app 0 (mountpoint='') ready in 0 seconds on interpreter 0x1c46750 pid: 21939 (default app)
uWSGI running as root, you can use --uid/--gid/--chroot options
*** WARNING: you are running uWSGI as root !!! (use the --uid flag) *** 
*** uWSGI is running in multiple interpreter mode ***
spawned uWSGI worker 1 (and the only) (pid: 21939, cores: 1)
[2018-12-01 08:28:28,888] [WARNING] Not Found: /test/app/
[pid: 21939|app: 0|req: 1/1] 116.24.64.51 () {40 vars in 667 bytes} [Sat Dec  1 08:28:28 2018] GET /test/app/ => generated 2203 bytes in 6 msecs (HTTP/1.1 404) 3 headers in 102 bytes (1 switches on core 0)
[2018-12-01 08:28:32,946] [WARNING] Not Found: /test/app/
[pid: 21939|app: 0|req: 2/2] 116.24.64.51 () {40 vars in 667 bytes} [Sat Dec  1 08:28:32 2018] GET /test/app/ => generated 2203 bytes in 3 msecs (HTTP/1.1 404) 3 headers in 102 bytes (1 switches on core 0)
[2018-12-01 08:28:35,386] [WARNING] Not Found: /test/app
[pid: 21939|app: 0|req: 3/3] 116.24.66.53 () {40 vars in 664 bytes} [Sat Dec  1 08:28:35 2018] GET /test/app => generated 2200 bytes in 3 msecs (HTTP/1.1 404) 3 headers in 102 bytes (1 switches on core 0)
[2018-12-01 08:28:38,349] [WARNING] Not Found: /test/app/
[pid: 21939|app: 0|req: 4/4] 116.24.64.51 () {40 vars in 667 bytes} [Sat Dec  1 08:28:38 2018] GET /test/app/ => generated 2203 bytes in 3 msecs (HTTP/1.1 404) 3 headers in 102 bytes (1 switches on core 0)
[2018-12-01 08:28:39,061] [WARNING] Not Found: /test/app/register/
[pid: 21939|app: 0|req: 5/5] 116.24.66.53 () {40 vars in 783 bytes} [Sat Dec  1 08:28:39 2018] GET /test/app/register/?name=song12&code=e10adc3949ba59abbe56e057f20f883e => generated 2284 bytes in 3 msecs (HTTP/1.1 404) 3 headers in 102 bytes (1 switches on core 0)
[2018-12-01 08:28:39,814] [WARNING] Not Found: /test/app/register/
[pid: 21939|app: 0|req: 6/6] 116.24.66.53 () {40 vars in 784 bytes} [Sat Dec  1 08:28:39 2018] GET /test/app/register/?name=song12&code=e10adc3949ba59abbe56e057f20f883e => generated 2284 bytes in 3 msecs (HTTP/1.1 404) 3 headers in 102 bytes (1 switches on core 0)
[2018-12-01 08:28:42,457] [WARNING] Not Found: /test/app/register/
[pid: 21939|app: 0|req: 7/7] 116.24.66.53 () {40 vars in 784 bytes} [Sat Dec  1 08:28:42 2018] GET /test/app/register/?name=song12&code=e10adc3949ba59abbe56e057f20f883e => generated 2284 bytes in 3 msecs (HTTP/1.1 404) 3 headers in 102 bytes (1 switches on core 0)
[2018-12-01 08:28:45,985] [WARNING] Not Found: /test/app/register/
[pid: 21939|app: 0|req: 8/8] 116.24.66.53 () {40 vars in 784 bytes} [Sat Dec  1 08:28:45 2018] GET /test/app/register/?name=song12&code=e10adc3949ba59abbe56e057f20f883e => generated 2284 bytes in 3 msecs (HTTP/1.1 404) 3 headers in 102 bytes (1 switches on core 0)
[2018-12-01 08:28:51,290] [WARNING] Not Found: /test/app/register/
[pid: 21939|app: 0|req: 9/9] 116.24.66.53 () {40 vars in 784 bytes} [Sat Dec  1 08:28:51 2018] GET /test/app/register/?name=song12&code=e10adc3949ba59abbe56e057f20f883e => generated 2284 bytes in 3 msecs (HTTP/1.1 404) 3 headers in 102 bytes (1 switches on core 0)
[2018-12-01 08:28:54,616] [WARNING] Not Found: /test/app/register/
[pid: 21939|app: 0|req: 10/10] 116.24.66.53 () {40 vars in 783 bytes} [Sat Dec  1 08:28:54 2018] GET /test/app/register/?name=song12&code=e10adc3949ba59abbe56e057f20f883e => generated 2284 bytes in 3 msecs (HTTP/1.1 404) 3 headers in 102 bytes (1 switches on core 0)
[2018-12-01 08:28:57,063] [WARNING] Not Found: /test/app/register/
[pid: 21939|app: 0|req: 11/11] 116.24.64.51 () {40 vars in 784 bytes} [Sat Dec  1 08:28:57 2018] GET /test/app/register/?name=song12&code=e10adc3949ba59abbe56e057f20f883e => generated 2284 bytes in 3 msecs (HTTP/1.1 404) 3 headers in 102 bytes (1 switches on core 0)
[2018-12-01 08:28:59,157] [WARNING] Not Found: /test/app/register/
[pid: 21939|app: 0|req: 12/12] 116.24.64.51 () {40 vars in 783 bytes} [Sat Dec  1 08:28:59 2018] GET /test/app/register/?name=song12&code=e10adc3949ba59abbe56e057f20f883e => generated 2284 bytes in 3 msecs (HTTP/1.1 404) 3 headers in 102 bytes (1 switches on core 0)
[2018-12-01 08:29:01,157] [WARNING] Not Found: /test/app/register/
[pid: 21939|app: 0|req: 13/13] 116.24.64.51 () {40 vars in 784 bytes} [Sat Dec  1 08:29:01 2018] GET /test/app/register/?name=song12&code=e10adc3949ba59abbe56e057f20f883e => generated 2284 bytes in 3 msecs (HTTP/1.1 404) 3 headers in 102 bytes (1 switches on core 0)
[2018-12-01 08:29:12,009] [WARNING] Not Found: /test/app/register/
[pid: 21939|app: 0|req: 14/14] 116.24.66.53 () {40 vars in 784 bytes} [Sat Dec  1 08:29:12 2018] GET /test/app/register/?name=song12&code=e10adc3949ba59abbe56e057f20f883e => generated 2284 bytes in 3 msecs (HTTP/1.1 404) 3 headers in 102 bytes (1 switches on core 0)
[2018-12-01 08:29:16,095] [WARNING] Not Found: /test/app/register/
[pid: 21939|app: 0|req: 15/15] 116.24.64.51 () {40 vars in 784 bytes} [Sat Dec  1 08:29:16 2018] GET /test/app/register/?name=song12&code=e10adc3949ba59abbe56e057f20f883e => generated 2284 bytes in 3 msecs (HTTP/1.1 404) 3 headers in 102 bytes (1 switches on core 0)
[2018-12-01 08:29:17,839] [WARNING] Not Found: /test/app/register/
[pid: 21939|app: 0|req: 16/16] 116.24.66.53 () {40 vars in 784 bytes} [Sat Dec  1 08:29:17 2018] GET /test/app/register/?name=song12&code=e10adc3949ba59abbe56e057f20f883e => generated 2284 bytes in 3 msecs (HTTP/1.1 404) 3 headers in 102 bytes (1 switches on core 0)
[2018-12-01 08:29:19,852] [WARNING] Not Found: /test/app/register/
[pid: 21939|app: 0|req: 17/17] 116.24.66.53 () {40 vars in 784 bytes} [Sat Dec  1 08:29:19 2018] GET /test/app/register/?name=song12&code=e10adc3949ba59abbe56e057f20f883e => generated 2284 bytes in 2 msecs (HTTP/1.1 404) 3 headers in 102 bytes (1 switches on core 0)
[2018-12-01 08:29:21,582] [WARNING] Not Found: /test/app/register/
[pid: 21939|app: 0|req: 18/18] 116.24.64.51 () {40 vars in 784 bytes} [Sat Dec  1 08:29:21 2018] GET /test/app/register/?name=song12&code=e10adc3949ba59abbe56e057f20f883e => generated 2284 bytes in 3 msecs (HTTP/1.1 404) 3 headers in 102 bytes (1 switches on core 0)
[2018-12-01 08:29:23,341] [WARNING] Not Found: /test/app/register/
[pid: 21939|app: 0|req: 19/19] 116.24.64.51 () {40 vars in 784 bytes} [Sat Dec  1 08:29:23 2018] GET /test/app/register/?name=song12&code=e10adc3949ba59abbe56e057f20f883e => generated 2284 bytes in 3 msecs (HTTP/1.1 404) 3 headers in 102 bytes (1 switches on core 0)
*** Starting uWSGI 2.0.17.1 (64bit) on [Sat Dec  1 16:45:24 2018] ***
compiled with version: 4.4.7 20120313 (Red Hat 4.4.7-17) on 29 November 2018 07:26:15
os: Linux-2.6.32-642.13.1.el6.x86_64 #1 SMP Wed Jan 11 20:56:24 UTC 2017
nodename: ftcg
machine: x86_64
clock source: unix
detected number of CPU cores: 4
current working directory: /srv/dev/ftcg
writing pidfile to /srv/dev/ftcg/uwsgi.pid
detected binary path: /root/.pyenv/versions/2.7.5/bin/uwsgi
!!! no internal routing support, rebuild with pcre support !!!
uWSGI running as root, you can use --uid/--gid/--chroot options
*** WARNING: you are running uWSGI as root !!! (use the --uid flag) *** 
chdir() to /srv/dev/ftcg/
*** WARNING: you are running uWSGI without its master process manager ***
your processes number limit is 128344
limiting address space of processes...
your process address space limit is 536870912 bytes (512 MB)
your memory page size is 4096 bytes
detected max file descriptor number: 65535
lock engine: pthread robust mutexes
thunder lock: disabled (you can enable it with --thunder-lock)
uwsgi socket 0 bound to TCP address 127.0.0.1:8002 fd 3
uWSGI running as root, you can use --uid/--gid/--chroot options
*** WARNING: you are running uWSGI as root !!! (use the --uid flag) *** 
Python version: 2.7.5 (default, Nov 29 2018, 13:26:05)  [GCC 4.4.7 20120313 (Red Hat 4.4.7-17)]
Python main interpreter initialized at 0x1c48750
uWSGI running as root, you can use --uid/--gid/--chroot options
*** WARNING: you are running uWSGI as root !!! (use the --uid flag) *** 
python threads support enabled
your server socket listen backlog is limited to 100 connections
your mercy for graceful operations on workers is 60 seconds
mapped 134359 bytes (131 KB) for 1 cores
*** Operational MODE: single process ***
WSGI app 0 (mountpoint='') ready in 0 seconds on interpreter 0x1c48750 pid: 22080 (default app)
uWSGI running as root, you can use --uid/--gid/--chroot options
*** WARNING: you are running uWSGI as root !!! (use the --uid flag) *** 
*** uWSGI is running in multiple interpreter mode ***
spawned uWSGI worker 1 (and the only) (pid: 22080, cores: 1)
[2018-12-01 08:45:27,996] [WARNING] Not Found: /test/o/app/register
[pid: 22080|app: 0|req: 1/1] 116.24.66.53 () {40 vars in 786 bytes} [Sat Dec  1 08:45:27 2018] GET /test/o/app/register?name=song12&code=e10adc3949ba59abbe56e057f20f883e => generated 2302 bytes in 7 msecs (HTTP/1.1 404) 3 headers in 102 bytes (1 switches on core 0)
[2018-12-01 08:45:42,978] [INFO] user object
[pid: 22080|app: 0|req: 2/2] 116.24.66.53 () {40 vars in 782 bytes} [Sat Dec  1 08:45:42 2018] GET /test/app/register?name=song12&code=e10adc3949ba59abbe56e057f20f883e => generated 66 bytes in 8 msecs (HTTP/1.1 200) 3 headers in 108 bytes (1 switches on core 0)
[2018-12-01 08:45:45,418] [INFO] user object
[pid: 22080|app: 0|req: 3/3] 116.24.64.51 () {40 vars in 782 bytes} [Sat Dec  1 08:45:45 2018] GET /test/app/register?name=song12&code=e10adc3949ba59abbe56e057f20f883e => generated 66 bytes in 3 msecs (HTTP/1.1 200) 3 headers in 108 bytes (1 switches on core 0)
[2018-12-01 08:45:47,435] [INFO] user object
[pid: 22080|app: 0|req: 4/4] 116.24.64.51 () {40 vars in 782 bytes} [Sat Dec  1 08:45:47 2018] GET /test/app/register?name=song12&code=e10adc3949ba59abbe56e057f20f883e => generated 66 bytes in 3 msecs (HTTP/1.1 200) 3 headers in 108 bytes (1 switches on core 0)
[2018-12-01 08:45:48,300] [INFO] user object
[pid: 22080|app: 0|req: 5/5] 116.24.64.51 () {40 vars in 782 bytes} [Sat Dec  1 08:45:48 2018] GET /test/app/register?name=song12&code=e10adc3949ba59abbe56e057f20f883e => generated 66 bytes in 3 msecs (HTTP/1.1 200) 3 headers in 108 bytes (1 switches on core 0)
[2018-12-01 08:46:03,681] [WARNING] Not Found: /test/
[pid: 22080|app: 0|req: 6/6] 116.24.64.51 () {40 vars in 757 bytes} [Sat Dec  1 08:46:03 2018] GET /test/?name=song12&code=e10adc3949ba59abbe56e057f20f883e => generated 2260 bytes in 3 msecs (HTTP/1.1 404) 3 headers in 102 bytes (1 switches on core 0)
*** Starting uWSGI 2.0.17.1 (64bit) on [Sat Dec  1 16:52:02 2018] ***
compiled with version: 4.4.7 20120313 (Red Hat 4.4.7-17) on 29 November 2018 07:26:15
os: Linux-2.6.32-642.13.1.el6.x86_64 #1 SMP Wed Jan 11 20:56:24 UTC 2017
nodename: ftcg
machine: x86_64
clock source: unix
detected number of CPU cores: 4
current working directory: /srv/dev/ftcg
writing pidfile to /srv/dev/ftcg/uwsgi.pid
detected binary path: /root/.pyenv/versions/2.7.5/bin/uwsgi
!!! no internal routing support, rebuild with pcre support !!!
uWSGI running as root, you can use --uid/--gid/--chroot options
*** WARNING: you are running uWSGI as root !!! (use the --uid flag) *** 
chdir() to /srv/dev/ftcg/
*** WARNING: you are running uWSGI without its master process manager ***
your processes number limit is 128344
limiting address space of processes...
your process address space limit is 536870912 bytes (512 MB)
your memory page size is 4096 bytes
detected max file descriptor number: 65535
lock engine: pthread robust mutexes
thunder lock: disabled (you can enable it with --thunder-lock)
uwsgi socket 0 bound to TCP address 127.0.0.1:8002 fd 3
uWSGI running as root, you can use --uid/--gid/--chroot options
*** WARNING: you are running uWSGI as root !!! (use the --uid flag) *** 
Python version: 2.7.5 (default, Nov 29 2018, 13:26:05)  [GCC 4.4.7 20120313 (Red Hat 4.4.7-17)]
Python main interpreter initialized at 0x14d7750
uWSGI running as root, you can use --uid/--gid/--chroot options
*** WARNING: you are running uWSGI as root !!! (use the --uid flag) *** 
python threads support enabled
your server socket listen backlog is limited to 100 connections
your mercy for graceful operations on workers is 60 seconds
mapped 134359 bytes (131 KB) for 1 cores
*** Operational MODE: single process ***
WSGI app 0 (mountpoint='') ready in 0 seconds on interpreter 0x14d7750 pid: 22137 (default app)
uWSGI running as root, you can use --uid/--gid/--chroot options
*** WARNING: you are running uWSGI as root !!! (use the --uid flag) *** 
*** uWSGI is running in multiple interpreter mode ***
spawned uWSGI worker 1 (and the only) (pid: 22137, cores: 1)
[2018-12-01 08:52:09,294] [WARNING] Not Found: /test/
[pid: 22137|app: 0|req: 1/1] 116.24.64.51 () {40 vars in 659 bytes} [Sat Dec  1 08:52:09 2018] GET /test/ => generated 2312 bytes in 7 msecs (HTTP/1.1 404) 3 headers in 102 bytes (1 switches on core 0)
[2018-12-01 08:52:15,514] [WARNING] Not Found: /test/s
[pid: 22137|app: 0|req: 2/2] 116.24.64.51 () {40 vars in 661 bytes} [Sat Dec  1 08:52:15 2018] GET /test/s => generated 2315 bytes in 3 msecs (HTTP/1.1 404) 3 headers in 102 bytes (1 switches on core 0)
[2018-12-01 08:52:22,047] [WARNING] Not Found: /test/
[pid: 22137|app: 0|req: 3/3] 116.24.66.53 () {40 vars in 659 bytes} [Sat Dec  1 08:52:22 2018] GET /test/ => generated 2312 bytes in 3 msecs (HTTP/1.1 404) 3 headers in 102 bytes (1 switches on core 0)
[2018-12-01 08:52:23,182] [WARNING] Not Found: /test/
[pid: 22137|app: 0|req: 4/4] 116.24.64.51 () {40 vars in 659 bytes} [Sat Dec  1 08:52:23 2018] GET /test/ => generated 2312 bytes in 3 msecs (HTTP/1.1 404) 3 headers in 102 bytes (1 switches on core 0)
*** Starting uWSGI 2.0.17.1 (64bit) on [Sat Dec  1 16:56:04 2018] ***
compiled with version: 4.4.7 20120313 (Red Hat 4.4.7-17) on 29 November 2018 07:26:15
os: Linux-2.6.32-642.13.1.el6.x86_64 #1 SMP Wed Jan 11 20:56:24 UTC 2017
nodename: ftcg
machine: x86_64
clock source: unix
detected number of CPU cores: 4
current working directory: /srv/dev/ftcg
writing pidfile to /srv/dev/ftcg/uwsgi.pid
detected binary path: /root/.pyenv/versions/2.7.5/bin/uwsgi
!!! no internal routing support, rebuild with pcre support !!!
uWSGI running as root, you can use --uid/--gid/--chroot options
*** WARNING: you are running uWSGI as root !!! (use the --uid flag) *** 
chdir() to /srv/dev/ftcg/
*** WARNING: you are running uWSGI without its master process manager ***
your processes number limit is 128344
limiting address space of processes...
your process address space limit is 536870912 bytes (512 MB)
your memory page size is 4096 bytes
detected max file descriptor number: 65535
lock engine: pthread robust mutexes
thunder lock: disabled (you can enable it with --thunder-lock)
uwsgi socket 0 bound to TCP address 127.0.0.1:8002 fd 3
uWSGI running as root, you can use --uid/--gid/--chroot options
*** WARNING: you are running uWSGI as root !!! (use the --uid flag) *** 
Python version: 2.7.5 (default, Nov 29 2018, 13:26:05)  [GCC 4.4.7 20120313 (Red Hat 4.4.7-17)]
Python main interpreter initialized at 0x232f750
uWSGI running as root, you can use --uid/--gid/--chroot options
*** WARNING: you are running uWSGI as root !!! (use the --uid flag) *** 
python threads support enabled
your server socket listen backlog is limited to 100 connections
your mercy for graceful operations on workers is 60 seconds
mapped 134359 bytes (131 KB) for 1 cores
*** Operational MODE: single process ***
WSGI app 0 (mountpoint='') ready in 0 seconds on interpreter 0x232f750 pid: 22178 (default app)
uWSGI running as root, you can use --uid/--gid/--chroot options
*** WARNING: you are running uWSGI as root !!! (use the --uid flag) *** 
*** uWSGI is running in multiple interpreter mode ***
spawned uWSGI worker 1 (and the only) (pid: 22178, cores: 1)
[pid: 22178|app: 0|req: 1/1] 116.24.64.51 () {40 vars in 659 bytes} [Sat Dec  1 08:56:08 2018] GET /test/ => generated 6 bytes in 3 msecs (HTTP/1.1 200) 3 headers in 107 bytes (1 switches on core 0)
[pid: 22178|app: 0|req: 2/2] 116.24.66.53 () {40 vars in 659 bytes} [Sat Dec  1 08:56:14 2018] GET /test/ => generated 6 bytes in 0 msecs (HTTP/1.1 200) 3 headers in 107 bytes (1 switches on core 0)
[2018-12-01 08:56:16,600] [WARNING] Not Found: /test/index
[pid: 22178|app: 0|req: 3/3] 116.24.64.51 () {40 vars in 669 bytes} [Sat Dec  1 08:56:16 2018] GET /test/index => generated 2328 bytes in 4 msecs (HTTP/1.1 404) 3 headers in 102 bytes (1 switches on core 0)
[2018-12-01 08:56:19,337] [WARNING] Not Found: /test/index
[pid: 22178|app: 0|req: 4/4] 116.24.66.53 () {40 vars in 668 bytes} [Sat Dec  1 08:56:19 2018] GET /test/index => generated 2328 bytes in 3 msecs (HTTP/1.1 404) 3 headers in 102 bytes (1 switches on core 0)
*** Starting uWSGI 2.0.17.1 (64bit) on [Sat Dec  1 16:58:43 2018] ***
compiled with version: 4.4.7 20120313 (Red Hat 4.4.7-17) on 29 November 2018 07:26:15
os: Linux-2.6.32-642.13.1.el6.x86_64 #1 SMP Wed Jan 11 20:56:24 UTC 2017
nodename: ftcg
machine: x86_64
clock source: unix
detected number of CPU cores: 4
current working directory: /srv/dev/ftcg
writing pidfile to /srv/dev/ftcg/uwsgi.pid
detected binary path: /root/.pyenv/versions/2.7.5/bin/uwsgi
!!! no internal routing support, rebuild with pcre support !!!
uWSGI running as root, you can use --uid/--gid/--chroot options
*** WARNING: you are running uWSGI as root !!! (use the --uid flag) *** 
chdir() to /srv/dev/ftcg/
*** WARNING: you are running uWSGI without its master process manager ***
your processes number limit is 128344
limiting address space of processes...
your process address space limit is 536870912 bytes (512 MB)
your memory page size is 4096 bytes
detected max file descriptor number: 65535
lock engine: pthread robust mutexes
thunder lock: disabled (you can enable it with --thunder-lock)
uwsgi socket 0 bound to TCP address 127.0.0.1:8002 fd 3
uWSGI running as root, you can use --uid/--gid/--chroot options
*** WARNING: you are running uWSGI as root !!! (use the --uid flag) *** 
Python version: 2.7.5 (default, Nov 29 2018, 13:26:05)  [GCC 4.4.7 20120313 (Red Hat 4.4.7-17)]
Python main interpreter initialized at 0x163d750
uWSGI running as root, you can use --uid/--gid/--chroot options
*** WARNING: you are running uWSGI as root !!! (use the --uid flag) *** 
python threads support enabled
your server socket listen backlog is limited to 100 connections
your mercy for graceful operations on workers is 60 seconds
mapped 134359 bytes (131 KB) for 1 cores
*** Operational MODE: single process ***
WSGI app 0 (mountpoint='') ready in 0 seconds on interpreter 0x163d750 pid: 22222 (default app)
uWSGI running as root, you can use --uid/--gid/--chroot options
*** WARNING: you are running uWSGI as root !!! (use the --uid flag) *** 
*** uWSGI is running in multiple interpreter mode ***
spawned uWSGI worker 1 (and the only) (pid: 22222, cores: 1)
[2018-12-01 08:58:46,278] [WARNING] Not Found: /test/
[pid: 22222|app: 0|req: 1/1] 116.24.66.53 () {40 vars in 659 bytes} [Sat Dec  1 08:58:46 2018] GET /test/ => generated 2318 bytes in 6 msecs (HTTP/1.1 404) 3 headers in 102 bytes (1 switches on core 0)
[pid: 22222|app: 0|req: 2/2] 116.24.64.51 () {40 vars in 669 bytes} [Sat Dec  1 08:58:48 2018] GET /test/index => generated 6 bytes in 0 msecs (HTTP/1.1 200) 3 headers in 107 bytes (1 switches on core 0)
[pid: 22222|app: 0|req: 3/3] 116.24.64.51 () {40 vars in 669 bytes} [Sat Dec  1 08:58:49 2018] GET /test/index => generated 6 bytes in 0 msecs (HTTP/1.1 200) 3 headers in 107 bytes (1 switches on core 0)
[pid: 22222|app: 0|req: 4/4] 116.24.66.53 () {40 vars in 669 bytes} [Sat Dec  1 08:58:51 2018] GET /test/index => generated 6 bytes in 0 msecs (HTTP/1.1 200) 3 headers in 107 bytes (1 switches on core 0)
[pid: 22222|app: 0|req: 5/5] 116.24.66.53 () {40 vars in 669 bytes} [Sat Dec  1 09:10:54 2018] GET /test/index => generated 6 bytes in 0 msecs (HTTP/1.1 200) 3 headers in 107 bytes (1 switches on core 0)
[pid: 22222|app: 0|req: 6/6] 116.24.66.53 () {40 vars in 669 bytes} [Sat Dec  1 09:10:56 2018] GET /test/index => generated 6 bytes in 0 msecs (HTTP/1.1 200) 3 headers in 107 bytes (1 switches on core 0)
[pid: 22222|app: 0|req: 7/7] 116.24.64.51 () {40 vars in 669 bytes} [Sat Dec  1 09:10:57 2018] GET /test/index => generated 6 bytes in 0 msecs (HTTP/1.1 200) 3 headers in 107 bytes (1 switches on core 0)
[pid: 22222|app: 0|req: 8/8] 116.24.64.51 () {40 vars in 669 bytes} [Sat Dec  1 09:10:58 2018] GET /test/index => generated 6 bytes in 0 msecs (HTTP/1.1 200) 3 headers in 107 bytes (1 switches on core 0)
*** Starting uWSGI 2.0.17.1 (64bit) on [Sat Dec  1 17:30:55 2018] ***
compiled with version: 4.4.7 20120313 (Red Hat 4.4.7-17) on 29 November 2018 07:26:15
os: Linux-2.6.32-642.13.1.el6.x86_64 #1 SMP Wed Jan 11 20:56:24 UTC 2017
nodename: ftcg
machine: x86_64
clock source: unix
detected number of CPU cores: 4
current working directory: /srv/dev/ftcg
writing pidfile to /srv/dev/ftcg/uwsgi.pid
detected binary path: /root/.pyenv/versions/2.7.5/bin/uwsgi
!!! no internal routing support, rebuild with pcre support !!!
uWSGI running as root, you can use --uid/--gid/--chroot options
*** WARNING: you are running uWSGI as root !!! (use the --uid flag) *** 
chdir() to /srv/dev/ftcg/
*** WARNING: you are running uWSGI without its master process manager ***
your processes number limit is 128344
limiting address space of processes...
your process address space limit is 536870912 bytes (512 MB)
your memory page size is 4096 bytes
detected max file descriptor number: 65535
lock engine: pthread robust mutexes
thunder lock: disabled (you can enable it with --thunder-lock)
uwsgi socket 0 bound to TCP address 127.0.0.1:8002 fd 3
uWSGI running as root, you can use --uid/--gid/--chroot options
*** WARNING: you are running uWSGI as root !!! (use the --uid flag) *** 
Python version: 2.7.5 (default, Nov 29 2018, 13:26:05)  [GCC 4.4.7 20120313 (Red Hat 4.4.7-17)]
Python main interpreter initialized at 0x2621750
uWSGI running as root, you can use --uid/--gid/--chroot options
*** WARNING: you are running uWSGI as root !!! (use the --uid flag) *** 
python threads support enabled
your server socket listen backlog is limited to 100 connections
your mercy for graceful operations on workers is 60 seconds
mapped 134359 bytes (131 KB) for 1 cores
*** Operational MODE: single process ***
WSGI app 0 (mountpoint='') ready in 0 seconds on interpreter 0x2621750 pid: 22375 (default app)
uWSGI running as root, you can use --uid/--gid/--chroot options
*** WARNING: you are running uWSGI as root !!! (use the --uid flag) *** 
*** uWSGI is running in multiple interpreter mode ***
spawned uWSGI worker 1 (and the only) (pid: 22375, cores: 1)
[2018-12-01 09:31:00,520] [ERROR] Internal Server Error: /test/index
Traceback (most recent call last):
  File "/root/.pyenv/versions/2.7.5/lib/python2.7/site-packages/django/core/handlers/exception.py", line 41, in inner
    response = get_response(request)
  File "/root/.pyenv/versions/2.7.5/lib/python2.7/site-packages/django/core/handlers/base.py", line 187, in _get_response
    response = self.process_exception_by_middleware(e, request)
  File "/root/.pyenv/versions/2.7.5/lib/python2.7/site-packages/django/core/handlers/base.py", line 185, in _get_response
    response = wrapped_callback(request, *callback_args, **callback_kwargs)
  File "./ftcg/application/default.py", line 9, in index
    return render(request, 'index.html')
  File "/root/.pyenv/versions/2.7.5/lib/python2.7/site-packages/django/shortcuts.py", line 30, in render
    content = loader.render_to_string(template_name, context, request, using=using)
  File "/root/.pyenv/versions/2.7.5/lib/python2.7/site-packages/django/template/loader.py", line 67, in render_to_string
    template = get_template(template_name, using=using)
  File "/root/.pyenv/versions/2.7.5/lib/python2.7/site-packages/django/template/loader.py", line 25, in get_template
    raise TemplateDoesNotExist(template_name, chain=chain)
TemplateDoesNotExist: index.html
[pid: 22375|app: 0|req: 1/1] 116.24.66.53 () {40 vars in 669 bytes} [Sat Dec  1 09:31:00 2018] GET /test/index => generated 72027 bytes in 104 msecs (HTTP/1.1 500) 4 headers in 129 bytes (1 switches on core 0)
[pid: 22375|app: 0|req: 2/2] 116.24.66.53 () {40 vars in 668 bytes} [Sat Dec  1 09:32:37 2018] GET /test/index => generated 20 bytes in 6 msecs (HTTP/1.1 200) 3 headers in 108 bytes (1 switches on core 0)
